<?xml version="1.0" encoding="UTF-8"?>
<testng-results skipped="0" failed="0" total="1" passed="1">
  <reporter-output>
  </reporter-output>
  <suite name="Suite" duration-ms="28751" started-at="2016-02-09T11:46:34Z" finished-at="2016-02-09T11:47:02Z">
    <groups>
    </groups>
    <test name="Test" duration-ms="28751" started-at="2016-02-09T11:46:34Z" finished-at="2016-02-09T11:47:02Z">
      <class name="com.tyss.scripts.StackOverflowLogin">
        <test-method status="PASS" signature="beforeConfig()[pri:0, instance:com.tyss.scripts.StackOverflowLogin@5b464ce8]" name="beforeConfig" is-config="true" duration-ms="16492" started-at="2016-02-09T17:16:34Z" finished-at="2016-02-09T17:16:50Z">
          <reporter-output>
          </reporter-output>
        </test-method> <!-- beforeConfig -->
        <test-method status="PASS" signature="login()[pri:0, instance:com.tyss.scripts.StackOverflowLogin@5b464ce8]" name="login" duration-ms="4931" started-at="2016-02-09T17:16:50Z" finished-at="2016-02-09T17:16:55Z">
          <reporter-output>
          </reporter-output>
        </test-method> <!-- login -->
        <test-method status="PASS" signature="tearDown()[pri:0, instance:com.tyss.scripts.StackOverflowLogin@5b464ce8]" name="tearDown" is-config="true" duration-ms="7304" started-at="2016-02-09T17:16:55Z" finished-at="2016-02-09T17:17:02Z">
          <reporter-output>
          </reporter-output>
        </test-method> <!-- tearDown -->
      </class> <!-- com.tyss.scripts.StackOverflowLogin -->
    </test> <!-- Test -->
  </suite> <!-- Suite -->
</testng-results>
