<?xml version="1.0" encoding="UTF-8"?>
<testng-results skipped="0" failed="0" total="1" passed="1">
  <reporter-output>
  </reporter-output>
  <suite name="Suite" duration-ms="18531" started-at="2016-02-11T06:05:13Z" finished-at="2016-02-11T06:05:32Z">
    <groups>
    </groups>
    <test name="Test" duration-ms="18531" started-at="2016-02-11T06:05:13Z" finished-at="2016-02-11T06:05:32Z">
      <class name="com.tyss.scripts.StackOverflowLogin">
        <test-method status="PASS" signature="beforeConfig()[pri:0, instance:com.tyss.scripts.StackOverflowLogin@17c68925]" name="beforeConfig" is-config="true" duration-ms="8459" started-at="2016-02-11T11:35:13Z" finished-at="2016-02-11T11:35:22Z">
          <reporter-output>
          </reporter-output>
        </test-method> <!-- beforeConfig -->
        <test-method status="PASS" signature="login()[pri:0, instance:com.tyss.scripts.StackOverflowLogin@17c68925]" name="login" duration-ms="4375" started-at="2016-02-11T11:35:22Z" finished-at="2016-02-11T11:35:26Z">
          <reporter-output>
          </reporter-output>
        </test-method> <!-- login -->
        <test-method status="PASS" signature="tearDown()[pri:0, instance:com.tyss.scripts.StackOverflowLogin@17c68925]" name="tearDown" is-config="true" duration-ms="5663" started-at="2016-02-11T11:35:26Z" finished-at="2016-02-11T11:35:32Z">
          <reporter-output>
          </reporter-output>
        </test-method> <!-- tearDown -->
      </class> <!-- com.tyss.scripts.StackOverflowLogin -->
    </test> <!-- Test -->
  </suite> <!-- Suite -->
</testng-results>
